<?xml version="1.0" encoding="UTF-8"?>
<testsuite xmlns:xsi="http://www.w3.org/2001/XMLSchema-instance" xsi:noNamespaceSchemaLocation="https://maven.apache.org/surefire/maven-surefire-plugin/xsd/surefire-test-report.xsd" name="va.com.levio.wallet.api.ApiApplicationTests" time="0.22" tests="1" errors="1" skipped="0" failures="0">
  <properties>
[...]
</properties>
  <testcase name="va.com.levio.wallet.api.ApiApplicationTests" classname="va.com.levio.wallet.api.ApiApplicationTests" time="0.218">
    <error message="Unable to find a @SpringBootConfiguration, you need to use @ContextConfiguration or @SpringBootTest(classes=...) with your test" type="java.lang.IllegalStateException">java.lang.IllegalStateException: Unable to find a @SpringBootConfiguration, you need to use @ContextConfiguration or @SpringBootTest(classes=...) with your test
</error>
    <system-out><![CDATA[11:49:40.885 [main] DEBUG org.springframework.test.context.BootstrapUtils - Instantiating CacheAwareContextLoaderDelegate from class [org.springframework.test.context.cache.DefaultCacheAwareContextLoaderDelegate]
11:49:40.895 [main] DEBUG org.springframework.test.context.BootstrapUtils - Instantiating BootstrapContext using constructor [public org.springframework.test.context.support.DefaultBootstrapContext(java.lang.Class,org.springframework.test.context.CacheAwareContextLoaderDelegate)]
11:49:40.924 [main] DEBUG org.springframework.test.context.BootstrapUtils - Instantiating TestContextBootstrapper for test class [va.com.levio.wallet.api.ApiApplicationTests] from class [org.springframework.boot.test.context.SpringBootTestContextBootstrapper]
11:49:40.936 [main] INFO org.springframework.boot.test.context.SpringBootTestContextBootstrapper - Neither @ContextConfiguration nor @ContextHierarchy found for test class [va.com.levio.wallet.api.ApiApplicationTests], using SpringBootContextLoader
11:49:40.939 [main] DEBUG org.springframework.test.context.support.AbstractContextLoader - Did not detect default resource location for test class [va.com.levio.wallet.api.ApiApplicationTests]: class path resource [va/com/levio/wallet/api/ApiApplicationTests-context.xml] does not exist
11:49:40.940 [main] DEBUG org.springframework.test.context.support.AbstractContextLoader - Did not detect default resource location for test class [va.com.levio.wallet.api.ApiApplicationTests]: class path resource [va/com/levio/wallet/api/ApiApplicationTestsContext.groovy] does not exist
11:49:40.940 [main] INFO org.springframework.test.context.support.AbstractContextLoader - Could not detect default resource locations for test class [va.com.levio.wallet.api.ApiApplicationTests]: no resource found for suffixes {-context.xml, Context.groovy}.
11:49:40.941 [main] INFO org.springframework.test.context.support.AnnotationConfigContextLoaderUtils - Could not detect default configuration classes for test class [va.com.levio.wallet.api.ApiApplicationTests]: ApiApplicationTests does not declare any static, non-private, non-final, nested classes annotated with @Configuration.
11:49:40.983 [main] DEBUG org.springframework.test.context.support.ActiveProfilesUtils - Could not find an 'annotation declaring class' for annotation type [org.springframework.test.context.ActiveProfiles] and class [va.com.levio.wallet.api.ApiApplicationTests]
11:49:41.011 [main] DEBUG org.springframework.test.context.BootstrapUtils - Instantiating CacheAwareContextLoaderDelegate from class [org.springframework.test.context.cache.DefaultCacheAwareContextLoaderDelegate]
11:49:41.011 [main] DEBUG org.springframework.test.context.BootstrapUtils - Instantiating BootstrapContext using constructor [public org.springframework.test.context.support.DefaultBootstrapContext(java.lang.Class,org.springframework.test.context.CacheAwareContextLoaderDelegate)]
11:49:41.013 [main] DEBUG org.springframework.test.context.BootstrapUtils - Instantiating TestContextBootstrapper for test class [va.com.levio.wallet.api.ApiApplicationTests] from class [org.springframework.boot.test.context.SpringBootTestContextBootstrapper]
11:49:41.014 [main] INFO org.springframework.boot.test.context.SpringBootTestContextBootstrapper - Neither @ContextConfiguration nor @ContextHierarchy found for test class [va.com.levio.wallet.api.ApiApplicationTests], using SpringBootContextLoader
11:49:41.016 [main] DEBUG org.springframework.test.context.support.AbstractContextLoader - Did not detect default resource location for test class [va.com.levio.wallet.api.ApiApplicationTests]: class path resource [va/com/levio/wallet/api/ApiApplicationTests-context.xml] does not exist
11:49:41.017 [main] DEBUG org.springframework.test.context.support.AbstractContextLoader - Did not detect default resource location for test class [va.com.levio.wallet.api.ApiApplicationTests]: class path resource [va/com/levio/wallet/api/ApiApplicationTestsContext.groovy] does not exist
11:49:41.017 [main] INFO org.springframework.test.context.support.AbstractContextLoader - Could not detect default resource locations for test class [va.com.levio.wallet.api.ApiApplicationTests]: no resource found for suffixes {-context.xml, Context.groovy}.
11:49:41.017 [main] INFO org.springframework.test.context.support.AnnotationConfigContextLoaderUtils - Could not detect default configuration classes for test class [va.com.levio.wallet.api.ApiApplicationTests]: ApiApplicationTests does not declare any static, non-private, non-final, nested classes annotated with @Configuration.
11:49:41.020 [main] DEBUG org.springframework.test.context.support.ActiveProfilesUtils - Could not find an 'annotation declaring class' for annotation type [org.springframework.test.context.ActiveProfiles] and class [va.com.levio.wallet.api.ApiApplicationTests]
11:49:41.024 [main] DEBUG org.springframework.test.context.BootstrapUtils - Instantiating CacheAwareContextLoaderDelegate from class [org.springframework.test.context.cache.DefaultCacheAwareContextLoaderDelegate]
11:49:41.024 [main] DEBUG org.springframework.test.context.BootstrapUtils - Instantiating BootstrapContext using constructor [public org.springframework.test.context.support.DefaultBootstrapContext(java.lang.Class,org.springframework.test.context.CacheAwareContextLoaderDelegate)]
11:49:41.025 [main] DEBUG org.springframework.test.context.BootstrapUtils - Instantiating TestContextBootstrapper for test class [va.com.levio.wallet.api.ApiApplicationTests] from class [org.springframework.boot.test.context.SpringBootTestContextBootstrapper]
11:49:41.025 [main] INFO org.springframework.boot.test.context.SpringBootTestContextBootstrapper - Neither @ContextConfiguration nor @ContextHierarchy found for test class [va.com.levio.wallet.api.ApiApplicationTests], using SpringBootContextLoader
11:49:41.026 [main] DEBUG org.springframework.test.context.support.AbstractContextLoader - Did not detect default resource location for test class [va.com.levio.wallet.api.ApiApplicationTests]: class path resource [va/com/levio/wallet/api/ApiApplicationTests-context.xml] does not exist
11:49:41.026 [main] DEBUG org.springframework.test.context.support.AbstractContextLoader - Did not detect default resource location for test class [va.com.levio.wallet.api.ApiApplicationTests]: class path resource [va/com/levio/wallet/api/ApiApplicationTestsContext.groovy] does not exist
11:49:41.027 [main] INFO org.springframework.test.context.support.AbstractContextLoader - Could not detect default resource locations for test class [va.com.levio.wallet.api.ApiApplicationTests]: no resource found for suffixes {-context.xml, Context.groovy}.
11:49:41.027 [main] INFO org.springframework.test.context.support.AnnotationConfigContextLoaderUtils - Could not detect default configuration classes for test class [va.com.levio.wallet.api.ApiApplicationTests]: ApiApplicationTests does not declare any static, non-private, non-final, nested classes annotated with @Configuration.
11:49:41.028 [main] DEBUG org.springframework.test.context.support.ActiveProfilesUtils - Could not find an 'annotation declaring class' for annotation type [org.springframework.test.context.ActiveProfiles] and class [va.com.levio.wallet.api.ApiApplicationTests]
]]></system-out>
  </testcase>
</testsuite>